<?xml version="1.0" encoding="UTF-8"?>
<robot generator="Robot 6.0.1 (Python 3.9.6 on darwin)" generated="20221124 19:33:42.810" rpa="false" schemaversion="3">
<suite id="s1" name="Open" source="/Users/dhanifr/Documents/AmazonAutomateTest/suites/Open.robot">
<test id="s1-t1" name="Validate User Can Delete Item On Card" line="10">
<kw name="Open Browser" library="SeleniumLibrary">
<arg>url=${url}</arg>
<arg>browser=${browser}</arg>
<doc>Opens a new browser instance to the optional ``url``.</doc>
<msg timestamp="20221124 19:33:42.896" level="INFO">Opening browser 'chrome' to base url 'https://amazon.com'.</msg>
<status status="PASS" starttime="20221124 19:33:42.895" endtime="20221124 19:33:47.864"/>
</kw>
<kw name="Search With Keyword" library="HomePage">
<arg>${keyword}</arg>
<doc>Search with keyword</doc>
<kw name="Wait Until Element Is Visible" library="SeleniumLibrary">
<arg>${searchBox}</arg>
<doc>Waits until the element ``locator`` is visible.</doc>
<status status="PASS" starttime="20221124 19:33:47.865" endtime="20221124 19:33:47.892"/>
</kw>
<kw name="Input Text" library="SeleniumLibrary">
<arg>${searchBox}</arg>
<arg>${keyword}</arg>
<doc>Types the given ``text`` into the text field identified by ``locator``.</doc>
<msg timestamp="20221124 19:33:47.893" level="INFO">Typing text 'computer' into text field 'twotabsearchtextbox'.</msg>
<status status="PASS" starttime="20221124 19:33:47.892" endtime="20221124 19:33:47.990"/>
</kw>
<kw name="Click Element" library="SeleniumLibrary">
<arg>${searchButton}</arg>
<doc>Click the element identified by ``locator``.</doc>
<msg timestamp="20221124 19:33:47.990" level="INFO">Clicking element 'nav-search-submit-button'.</msg>
<status status="PASS" starttime="20221124 19:33:47.990" endtime="20221124 19:33:52.200"/>
</kw>
<status status="PASS" starttime="20221124 19:33:47.865" endtime="20221124 19:33:52.200"/>
</kw>
<kw name="Click Dell On Filter Bar" library="SearchListPage">
<doc>Click dell on filter bar</doc>
<kw name="Wait Until Element Is Visible" library="SeleniumLibrary">
<arg>${dellCheckBox}</arg>
<doc>Waits until the element ``locator`` is visible.</doc>
<status status="PASS" starttime="20221124 19:33:52.200" endtime="20221124 19:33:52.216"/>
</kw>
<kw name="Click Element" library="SeleniumLibrary">
<arg>${dellCheckBox}</arg>
<doc>Click the element identified by ``locator``.</doc>
<msg timestamp="20221124 19:33:52.216" level="INFO">Clicking element '//*[@id="p_89/Dell"]/span[@class="a-list-item"]'.</msg>
<status status="PASS" starttime="20221124 19:33:52.216" endtime="20221124 19:33:54.662"/>
</kw>
<status status="PASS" starttime="20221124 19:33:52.200" endtime="20221124 19:33:54.662"/>
</kw>
<kw name="Click Item" library="SearchListPage">
<arg>${item}</arg>
<doc>Click item</doc>
<kw name="Wait Until Element Is Visible" library="SeleniumLibrary">
<arg>${itemText.format("${item}")}</arg>
<doc>Waits until the element ``locator`` is visible.</doc>
<status status="PASS" starttime="20221124 19:33:54.663" endtime="20221124 19:33:54.696"/>
</kw>
<kw name="Click Element" library="SeleniumLibrary">
<arg>${itemText.format("${item}")}</arg>
<doc>Click the element identified by ``locator``.</doc>
<msg timestamp="20221124 19:33:54.697" level="INFO">Clicking element '//*[contains(text(),'Dell OptiPlex 7000 Desktop Computer - Intel Core i7 12th Gen i7-12700 Dodeca-core (12 Core) 2.10 GHz - 32 GB RAM DDR4 SDRAM - 512 GB M.2 PCI Express NVMe 3.0 x4 SSD - Small Form Factor - Black')]'.</msg>
<status status="PASS" starttime="20221124 19:33:54.696" endtime="20221124 19:34:01.179"/>
</kw>
<status status="PASS" starttime="20221124 19:33:54.662" endtime="20221124 19:34:01.179"/>
</kw>
<kw name="Select Quantity Of Item" library="DetailItemPage">
<arg>${quantity}</arg>
<doc>Select quantity of item on detail item page</doc>
<kw name="Wait Until Element Is Visible" library="SeleniumLibrary">
<arg>${addQuantitySelect}</arg>
<doc>Waits until the element ``locator`` is visible.</doc>
<status status="PASS" starttime="20221124 19:34:01.180" endtime="20221124 19:34:01.209"/>
</kw>
<kw name="Click Element" library="SeleniumLibrary">
<arg>${addQuantitySelect}</arg>
<doc>Click the element identified by ``locator``.</doc>
<msg timestamp="20221124 19:34:01.209" level="INFO">Clicking element 'a-autoid-0-announce'.</msg>
<status status="PASS" starttime="20221124 19:34:01.209" endtime="20221124 19:34:01.266"/>
</kw>
<kw name="Wait Until Element Is Visible" library="SeleniumLibrary">
<arg>${quantityOption.format(${quantity-1})}</arg>
<doc>Waits until the element ``locator`` is visible.</doc>
<status status="PASS" starttime="20221124 19:34:01.266" endtime="20221124 19:34:01.278"/>
</kw>
<kw name="Click Element" library="SeleniumLibrary">
<arg>${quantityOption.format(${quantity-1})}</arg>
<doc>Click the element identified by ``locator``.</doc>
<msg timestamp="20221124 19:34:01.278" level="INFO">Clicking element 'quantity_9'.</msg>
<status status="PASS" starttime="20221124 19:34:01.278" endtime="20221124 19:34:01.364"/>
</kw>
<status status="PASS" starttime="20221124 19:34:01.179" endtime="20221124 19:34:01.364"/>
</kw>
<kw name="Click Add To Cart Button" library="DetailItemPage">
<doc>Click add to card button on detail item page</doc>
<kw name="Wait Until Element Is Visible" library="SeleniumLibrary">
<arg>${addToCartButton}</arg>
<doc>Waits until the element ``locator`` is visible.</doc>
<status status="PASS" starttime="20221124 19:34:01.364" endtime="20221124 19:34:01.377"/>
</kw>
<kw name="Click Element" library="SeleniumLibrary">
<arg>${addToCartButton}</arg>
<doc>Click the element identified by ``locator``.</doc>
<msg timestamp="20221124 19:34:01.377" level="INFO">Clicking element 'add-to-cart-button'.</msg>
<status status="PASS" starttime="20221124 19:34:01.377" endtime="20221124 19:34:01.423"/>
</kw>
<status status="PASS" starttime="20221124 19:34:01.364" endtime="20221124 19:34:01.423"/>
</kw>
<kw name="Click Cart Button" library="DetailItemPage">
<doc>Click cart button</doc>
<kw name="Wait Until Element Is Visible" library="SeleniumLibrary">
<arg>${cartButton}</arg>
<arg>10s</arg>
<doc>Waits until the element ``locator`` is visible.</doc>
<status status="PASS" starttime="20221124 19:34:01.423" endtime="20221124 19:34:05.920"/>
</kw>
<kw name="Click Element" library="SeleniumLibrary">
<arg>${cartButton}</arg>
<doc>Click the element identified by ``locator``.</doc>
<msg timestamp="20221124 19:34:05.921" level="INFO">Clicking element 'attach-view-cart-button-form'.</msg>
<status status="PASS" starttime="20221124 19:34:05.920" endtime="20221124 19:34:08.999"/>
</kw>
<status status="PASS" starttime="20221124 19:34:01.423" endtime="20221124 19:34:08.999"/>
</kw>
<kw name="Click Delete Item On Card List" library="CartListPage">
<doc>Click delete button on card list page</doc>
<kw name="Wait Until Element Is Visible" library="SeleniumLibrary">
<arg>${deleteButton}</arg>
<doc>Waits until the element ``locator`` is visible.</doc>
<status status="PASS" starttime="20221124 19:34:09.000" endtime="20221124 19:34:09.019"/>
</kw>
<kw name="Click Element" library="SeleniumLibrary">
<arg>${deleteButton}</arg>
<doc>Click the element identified by ``locator``.</doc>
<msg timestamp="20221124 19:34:09.020" level="INFO">Clicking element '//*[@value="Delete"]'.</msg>
<status status="PASS" starttime="20221124 19:34:09.019" endtime="20221124 19:34:09.060"/>
</kw>
<status status="PASS" starttime="20221124 19:34:09.000" endtime="20221124 19:34:09.060"/>
</kw>
<kw name="Validate Cart List Is Empty" library="CartListPage">
<doc>Validate cart list is empty</doc>
<kw name="Wait Until Element Is Visible" library="SeleniumLibrary">
<arg>${subtotalLabel}</arg>
<doc>Waits until the element ``locator`` is visible.</doc>
<status status="PASS" starttime="20221124 19:34:09.060" endtime="20221124 19:34:09.495"/>
</kw>
<kw name="Get Text" library="SeleniumLibrary">
<var>${subtotal}</var>
<arg>${subtotalLabel}</arg>
<doc>Returns the text value of the element identified by ``locator``.</doc>
<msg timestamp="20221124 19:34:09.518" level="INFO">${subtotal} = Subtotal (0 items):</msg>
<status status="PASS" starttime="20221124 19:34:09.495" endtime="20221124 19:34:09.518"/>
</kw>
<kw name="Should Contain" library="BuiltIn">
<arg>${subtotal}</arg>
<arg>0 items</arg>
<doc>Fails if ``container`` does not contain ``item`` one or more times.</doc>
<status status="PASS" starttime="20221124 19:34:09.519" endtime="20221124 19:34:09.519"/>
</kw>
<kw name="Wait Until Element Is Visible" library="SeleniumLibrary">
<arg>${amountTotalLabel}</arg>
<doc>Waits until the element ``locator`` is visible.</doc>
<status status="PASS" starttime="20221124 19:34:09.519" endtime="20221124 19:34:09.528"/>
</kw>
<kw name="Get Text" library="SeleniumLibrary">
<var>${amount}</var>
<arg>${amountTotalLabel}</arg>
<doc>Returns the text value of the element identified by ``locator``.</doc>
<msg timestamp="20221124 19:34:09.538" level="INFO">${amount} = $0.00</msg>
<status status="PASS" starttime="20221124 19:34:09.528" endtime="20221124 19:34:09.538"/>
</kw>
<kw name="Should Be Equal" library="BuiltIn">
<arg>${amount}</arg>
<arg>$0.00</arg>
<doc>Fails if the given objects are unequal.</doc>
<status status="PASS" starttime="20221124 19:34:09.538" endtime="20221124 19:34:09.538"/>
</kw>
<kw name="Page Should Contain" library="SeleniumLibrary">
<arg>Your Amazon Cart is empty.</arg>
<doc>Verifies that current page contains ``text``.</doc>
<msg timestamp="20221124 19:34:09.544" level="INFO">Current page contains text 'Your Amazon Cart is empty.'.</msg>
<status status="PASS" starttime="20221124 19:34:09.538" endtime="20221124 19:34:09.544"/>
</kw>
<status status="PASS" starttime="20221124 19:34:09.060" endtime="20221124 19:34:09.544"/>
</kw>
<kw name="Close Browser" library="SeleniumLibrary" type="TEARDOWN">
<doc>Closes the current browser.</doc>
<status status="PASS" starttime="20221124 19:34:09.544" endtime="20221124 19:34:09.678"/>
</kw>
<doc>Verify user can delete item on card</doc>
<status status="PASS" starttime="20221124 19:33:42.895" endtime="20221124 19:34:09.678"/>
</test>
<status status="PASS" starttime="20221124 19:33:42.811" endtime="20221124 19:34:09.678"/>
</suite>
<statistics>
<total>
<stat pass="1" fail="0" skip="0">All Tests</stat>
</total>
<tag>
</tag>
<suite>
<stat pass="1" fail="0" skip="0" id="s1" name="Open">Open</stat>
</suite>
</statistics>
<errors>
</errors>
</robot>
